<?xml version="1.0" encoding="UTF-8"?>
<!-- Generated by org.testng.reporters.JUnitXMLReporter -->
<testsuite ignored="0" hostname="DESKTOP-C58B4F4" failures="0" tests="3" name="Default test" time="4.771" errors="0" timestamp="2022-03-13T13:15:08 CET">
  <testcase classname="com.testAssignmentDnb.test.APITests" name="createUser" time="3.189"/>
  <testcase classname="com.testAssignmentDnb.test.APITests" name="loginVerification" time="0.586"/>
  <testcase classname="com.testAssignmentDnb.test.APITests" name="getUserById" time="0.471"/>
</testsuite> <!-- Default test -->
