<?xml version="1.0" encoding="UTF-8"?>
<testng-results ignored="0" total="3" passed="3" failed="0" skipped="0">
  <reporter-output>
  </reporter-output>
  <suite started-at="2022-03-14T11:01:56 CET" name="RegressionSuite" finished-at="2022-03-14T11:02:01 CET" duration-ms="5146">
    <groups>
    </groups>
    <test started-at="2022-03-14T11:01:56 CET" name="Testing" finished-at="2022-03-14T11:02:01 CET" duration-ms="5146">
      <class name="com.testAssignmentDnb.test.APITests">
        <test-method is-config="true" signature="beforeSuite()[pri:0, instance:com.testAssignmentDnb.test.APITests@769e7ee8]" started-at="2022-03-14T11:01:56 CET" name="beforeSuite" finished-at="2022-03-14T11:01:56 CET" duration-ms="182" status="PASS">
          <reporter-output>
          </reporter-output>
        </test-method> <!-- beforeSuite -->
        <test-method signature="createUser()[pri:1, instance:com.testAssignmentDnb.test.APITests@769e7ee8]" started-at="2022-03-14T11:01:56 CET" name="createUser" finished-at="2022-03-14T11:02:00 CET" duration-ms="3450" status="PASS">
          <reporter-output>
          </reporter-output>
        </test-method> <!-- createUser -->
        <test-method is-config="true" signature="afterMethod(org.testng.ITestResult)[pri:0, instance:com.testAssignmentDnb.test.APITests@769e7ee8]" started-at="2022-03-14T11:02:00 CET" name="afterMethod" finished-at="2022-03-14T11:02:00 CET" duration-ms="4" status="PASS">
          <params>
            <param index="0">
              <value>
                <![CDATA[[TestResult name=createUser status=SUCCESS method=APITests.createUser()[pri:1, instance:com.testAssignmentDnb.test.APITests@769e7ee8] output={null}]]]>
              </value>
            </param>
          </params>
          <reporter-output>
          </reporter-output>
        </test-method> <!-- afterMethod -->
        <test-method signature="loginVerification()[pri:2, instance:com.testAssignmentDnb.test.APITests@769e7ee8]" started-at="2022-03-14T11:02:00 CET" name="loginVerification" finished-at="2022-03-14T11:02:00 CET" duration-ms="802" status="PASS">
          <reporter-output>
          </reporter-output>
        </test-method> <!-- loginVerification -->
        <test-method is-config="true" signature="afterMethod(org.testng.ITestResult)[pri:0, instance:com.testAssignmentDnb.test.APITests@769e7ee8]" started-at="2022-03-14T11:02:00 CET" name="afterMethod" finished-at="2022-03-14T11:02:00 CET" duration-ms="0" status="PASS">
          <params>
            <param index="0">
              <value>
                <![CDATA[[TestResult name=loginVerification status=SUCCESS method=APITests.loginVerification()[pri:2, instance:com.testAssignmentDnb.test.APITests@769e7ee8] output={null}]]]>
              </value>
            </param>
          </params>
          <reporter-output>
          </reporter-output>
        </test-method> <!-- afterMethod -->
        <test-method signature="getUserById()[pri:3, instance:com.testAssignmentDnb.test.APITests@769e7ee8]" started-at="2022-03-14T11:02:00 CET" name="getUserById" finished-at="2022-03-14T11:02:01 CET" duration-ms="847" status="PASS">
          <reporter-output>
          </reporter-output>
        </test-method> <!-- getUserById -->
        <test-method is-config="true" signature="afterMethod(org.testng.ITestResult)[pri:0, instance:com.testAssignmentDnb.test.APITests@769e7ee8]" started-at="2022-03-14T11:02:01 CET" name="afterMethod" finished-at="2022-03-14T11:02:01 CET" duration-ms="0" status="PASS">
          <params>
            <param index="0">
              <value>
                <![CDATA[[TestResult name=getUserById status=SUCCESS method=APITests.getUserById()[pri:3, instance:com.testAssignmentDnb.test.APITests@769e7ee8] output={null}]]]>
              </value>
            </param>
          </params>
          <reporter-output>
          </reporter-output>
        </test-method> <!-- afterMethod -->
        <test-method is-config="true" signature="tearDown()[pri:0, instance:com.testAssignmentDnb.test.APITests@769e7ee8]" started-at="2022-03-14T11:02:01 CET" name="tearDown" finished-at="2022-03-14T11:02:02 CET" duration-ms="517" status="PASS">
          <reporter-output>
          </reporter-output>
        </test-method> <!-- tearDown -->
      </class> <!-- com.testAssignmentDnb.test.APITests -->
    </test> <!-- Testing -->
  </suite> <!-- RegressionSuite -->
</testng-results>
