<?xml version="1.0" encoding="UTF-8"?>
<testsuite xmlns:xsi="http://www.w3.org/2001/XMLSchema-instance" xsi:noNamespaceSchemaLocation="https://maven.apache.org/surefire/maven-surefire-plugin/xsd/surefire-test-report-3.0.xsd" version="3.0" name="TestSuite" time="11.117" tests="3" errors="0" skipped="0" failures="0">
  <properties>
[...]
</properties>
  <testcase name="createUser" classname="com.testAssignmentDnb.test.APITests" time="6.934"/>
  <testcase name="loginVerification" classname="com.testAssignmentDnb.test.APITests" time="0.761"/>
  <testcase name="getUserById" classname="com.testAssignmentDnb.test.APITests" time="0.539"/>
</testsuite>