<?xml version="1.0" encoding="UTF-8"?>
<!-- Generated by org.testng.reporters.JUnitXMLReporter -->
<testsuite ignored="0" hostname="DESKTOP-C58B4F4" failures="0" tests="3" name="Testing" time="5.146" errors="0" timestamp="2022-03-14T11:02:01 CET">
  <testcase classname="com.testAssignmentDnb.test.APITests" name="createUser" time="3.45"/>
  <testcase classname="com.testAssignmentDnb.test.APITests" name="loginVerification" time="0.802"/>
  <testcase classname="com.testAssignmentDnb.test.APITests" name="getUserById" time="0.847"/>
</testsuite> <!-- Testing -->
