<?xml version="1.0" encoding="UTF-8"?>
<!-- Generated by org.testng.reporters.JUnitXMLReporter -->
<testsuite ignored="0" hostname="DESKTOP-C58B4F4" failures="0" tests="3" name="Testing" time="9.501" errors="0" timestamp="2022-03-13T14:31:09 CET">
  <testcase classname="com.testAssignmentDnb.test.APITests" name="createUser" time="6.926"/>
  <testcase classname="com.testAssignmentDnb.test.APITests" name="loginVerification" time="0.76"/>
  <testcase classname="com.testAssignmentDnb.test.APITests" name="getUserById" time="0.536"/>
</testsuite> <!-- Testing -->
