<?xml version="1.0" encoding="UTF-8"?>
<testng-results ignored="0" total="3" passed="3" failed="0" skipped="0">
  <reporter-output>
  </reporter-output>
  <suite started-at="2022-03-13T13:15:03 CET" name="Default suite" finished-at="2022-03-13T13:15:08 CET" duration-ms="4771">
    <groups>
    </groups>
    <test started-at="2022-03-13T13:15:03 CET" name="Default test" finished-at="2022-03-13T13:15:08 CET" duration-ms="4771">
      <class name="com.testAssignmentDnb.test.APITests">
        <test-method is-config="true" signature="beforeTest()[pri:0, instance:com.testAssignmentDnb.test.APITests@bcec361]" started-at="2022-03-13T13:15:03 CET" name="beforeTest" finished-at="2022-03-13T13:15:04 CET" duration-ms="224" status="PASS">
          <reporter-output>
          </reporter-output>
        </test-method> <!-- beforeTest -->
        <test-method signature="createUser()[pri:1, instance:com.testAssignmentDnb.test.APITests@bcec361]" started-at="2022-03-13T13:15:04 CET" name="createUser" finished-at="2022-03-13T13:15:07 CET" duration-ms="3189" status="PASS">
          <reporter-output>
          </reporter-output>
        </test-method> <!-- createUser -->
        <test-method is-config="true" signature="afterMethod(org.testng.ITestResult)[pri:0, instance:com.testAssignmentDnb.test.APITests@bcec361]" started-at="2022-03-13T13:15:07 CET" name="afterMethod" finished-at="2022-03-13T13:15:07 CET" duration-ms="2" status="PASS">
          <params>
            <param index="0">
              <value>
                <![CDATA[[TestResult name=createUser status=SUCCESS method=APITests.createUser()[pri:1, instance:com.testAssignmentDnb.test.APITests@bcec361] output={null}]]]>
              </value>
            </param>
          </params>
          <reporter-output>
          </reporter-output>
        </test-method> <!-- afterMethod -->
        <test-method signature="loginVerification()[pri:2, instance:com.testAssignmentDnb.test.APITests@bcec361]" started-at="2022-03-13T13:15:07 CET" name="loginVerification" finished-at="2022-03-13T13:15:07 CET" duration-ms="586" status="PASS">
          <reporter-output>
          </reporter-output>
        </test-method> <!-- loginVerification -->
        <test-method is-config="true" signature="afterMethod(org.testng.ITestResult)[pri:0, instance:com.testAssignmentDnb.test.APITests@bcec361]" started-at="2022-03-13T13:15:07 CET" name="afterMethod" finished-at="2022-03-13T13:15:07 CET" duration-ms="0" status="PASS">
          <params>
            <param index="0">
              <value>
                <![CDATA[[TestResult name=loginVerification status=SUCCESS method=APITests.loginVerification()[pri:2, instance:com.testAssignmentDnb.test.APITests@bcec361] output={null}]]]>
              </value>
            </param>
          </params>
          <reporter-output>
          </reporter-output>
        </test-method> <!-- afterMethod -->
        <test-method signature="getUserById()[pri:3, instance:com.testAssignmentDnb.test.APITests@bcec361]" started-at="2022-03-13T13:15:07 CET" name="getUserById" finished-at="2022-03-13T13:15:08 CET" duration-ms="471" status="PASS">
          <reporter-output>
          </reporter-output>
        </test-method> <!-- getUserById -->
        <test-method is-config="true" signature="afterMethod(org.testng.ITestResult)[pri:0, instance:com.testAssignmentDnb.test.APITests@bcec361]" started-at="2022-03-13T13:15:08 CET" name="afterMethod" finished-at="2022-03-13T13:15:08 CET" duration-ms="0" status="PASS">
          <params>
            <param index="0">
              <value>
                <![CDATA[[TestResult name=getUserById status=SUCCESS method=APITests.getUserById()[pri:3, instance:com.testAssignmentDnb.test.APITests@bcec361] output={null}]]]>
              </value>
            </param>
          </params>
          <reporter-output>
          </reporter-output>
        </test-method> <!-- afterMethod -->
        <test-method is-config="true" signature="afterTest()[pri:0, instance:com.testAssignmentDnb.test.APITests@bcec361]" started-at="2022-03-13T13:15:08 CET" name="afterTest" finished-at="2022-03-13T13:15:08 CET" duration-ms="258" status="PASS">
          <reporter-output>
          </reporter-output>
        </test-method> <!-- afterTest -->
      </class> <!-- com.testAssignmentDnb.test.APITests -->
    </test> <!-- Default test -->
  </suite> <!-- Default suite -->
</testng-results>
